2024-12-08 11:20:49,691 - INFO - Image imgs/test1.jpg successfully loaded. Size: 736x736
2024-12-08 11:20:49,839 - INFO - Grayscale filter applied successfully.
2024-12-08 11:20:50,403 - INFO - Sepia filter applied successfully.
2024-12-08 11:20:50,493 - INFO - Image resized to 200x150 successfully.
2024-12-08 11:20:52,718 - INFO - Vignette filter applied successfully.
2024-12-08 11:20:52,785 - INFO - Pixelation applied to area (50, 50) - (200, 200) with size 10.
2024-12-08 11:20:52,809 - INFO - Image imgs/test2.jpg successfully loaded. Size: 563x561
2024-12-08 11:20:52,899 - INFO - Grayscale filter applied successfully.
2024-12-08 11:20:53,204 - INFO - Sepia filter applied successfully.
2024-12-08 11:20:53,282 - INFO - Image resized to 200x150 successfully.
2024-12-08 11:20:54,655 - INFO - Vignette filter applied successfully.
2024-12-08 11:20:54,720 - INFO - Pixelation applied to area (50, 50) - (200, 200) with size 10.
2024-12-08 11:20:54,721 - INFO - All filters applied successfully.
2024-12-08 11:24:02,095 - INFO - Image imgs/test1.jpg successfully loaded. Size: 736x736
2024-12-08 11:24:02,227 - INFO - Grayscale filter applied successfully.
2024-12-08 11:24:02,782 - INFO - Sepia filter applied successfully.
2024-12-08 11:24:02,865 - INFO - Image resized to 200x150 successfully.
2024-12-08 11:24:05,226 - INFO - Vignette filter applied successfully.
2024-12-08 11:24:05,293 - INFO - Pixelation applied to area (50, 50) - (200, 200) with size 10.
2024-12-08 11:24:05,329 - INFO - Image imgs/test2.jpg successfully loaded. Size: 563x561
2024-12-08 11:24:05,424 - INFO - Grayscale filter applied successfully.
2024-12-08 11:24:05,736 - INFO - Sepia filter applied successfully.
2024-12-08 11:24:05,820 - INFO - Image resized to 200x150 successfully.
2024-12-08 11:24:07,269 - INFO - Vignette filter applied successfully.
2024-12-08 11:24:07,356 - INFO - Pixelation applied to area (50, 50) - (200, 200) with size 10.
2024-12-08 11:24:07,358 - INFO - All filters applied successfully.
